17.2176 	WARNING 	We strongly recommend you activate the PTB sound engine in PsychoPy prefs as the preferred audio engine. Its timing is vastly superior. Your prefs are currently set to use ['sounddevice', 'PTB', 'pyo', 'pygame'] (in that order).
42.2624 	WARNING 	User requested fullscreen with size [1024  768], but screen is actually [1920, 1080]. Using actual size
45.0303 	EXP 	Created window1 = Window(allowGUI=True, allowStencil=False, autoLog=True, backendConf=UNKNOWN, bitsMode=UNKNOWN, blendMode='avg', bpc=(8, 8, 8), color=array([0, 0, 0]), colorSpace='rgb', depthBits=8, fullscr=<method-wrapper '__getattribute__' of attributeSetter object at 0x0000017807D7A040>, gamma=None, gammaErrorPolicy='raise', lms=UNKNOWN, monitor=<psychopy.monitors.calibTools.Monitor object at 0x000001780A134D00>, multiSample=False, name='window1', numSamples=2, pos=(0, 0), screen=0, size=array([1920, 1080]), stencilBits=0, stereo=False, units='height', useFBO=True, useRetina=False, viewOri=0.0, viewPos=None, viewScale=None, waitBlanking=True, winType='pyglet')
45.0305 	EXP 	window1: mouseVisible = True
45.0307 	EXP 	window1: mouseVisible = False
45.0307 	EXP 	window1: Attempting to measure frame rate of screen (0) ...
45.0307 	EXP 	window1: recordFrameIntervals = False
45.1963 	EXP 	window1: recordFrameIntervals = True
45.3798 	EXP 	Screen (0) actual frame rate measured at 60.01Hz
45.3799 	EXP 	window1: recordFrameIntervals = False
49.4867 	EXP 	Created polygon = ShapeStim(__class__=<class 'psychopy.visual.shape.ShapeStim'>, anchor=('center', 'center'), autoDraw=False, autoLog=True, closeShape=True, color=method-wrapper(...), colorSpace='rgb', contrast=None, depth=0.0, fillColor=array([1, 1, 1]), fillColorSpace='rgb', fillRGB=array([1, 1, 1]), interpolate=True, lineColor=array([1, 1, 1]), lineColorSpace='rgb', lineRGB=array([1, 1, 1]), lineWidth=1.0, name='polygon', opacity=1.0, ori=0.0, pos=array([0., 0.]), size=array([0.2, 0.2]), units='height', vertices=ndarray(...), win=Window(...), windingRule=None)
49.4920 	EXP 	Created polygon_2 = ShapeStim(__class__=<class 'psychopy.visual.shape.ShapeStim'>, anchor=('center', 'center'), autoDraw=False, autoLog=True, closeShape=True, color=method-wrapper(...), colorSpace='rgb', contrast=None, depth=-1.0, fillColor=array([-1.    ,  0.0039, -1.    ]), fillColorSpace='rgb', fillRGB=array([-1.    ,  0.0039, -1.    ]), interpolate=True, lineColor=array([1, 1, 1]), lineColorSpace='rgb', lineRGB=array([1, 1, 1]), lineWidth=1.0, name='polygon_2', opacity=1.0, ori=0.0, pos=array([0., 0.]), size=array([0.2, 0.2]), units='height', vertices=ndarray(...), win=Window(...), windingRule=None)
49.7565 	EXP 	Sound sound_1 set volume 1.000
51.4267 	EXP 	Created text = TextStim(__class__=<class 'psychopy.visual.text.TextStim'>, alignHoriz=method-wrapper(...), alignText='center', alignVert=method-wrapper(...), anchorHoriz='center', anchorVert='center', antialias=True, autoDraw=False, autoLog=True, bold=False, color=array([1, 1, 1]), colorSpace='rgb', contrast=1.0, depth=0.0, flipHoriz=False, flipVert=False, font='Open Sans', fontFiles=[], height=0.05, italic=False, languageStyle='LTR', name='text', opacity=1.0, ori=0.0, pos=array([0. , 0.3]), rgb=UNKNOWN, text=str(...), units='height', win=Window(...), wrapWidth=1)
51.5610 	EXP 	window1: mouseVisible = True
51.6042 	EXP 	Imported C:/Users/JEMIMA/Documents/L in Psych Psychopy/Tut 07 Cond.xlsx as conditions, 12 conditions, 3 params
51.6618 	EXP 	Created sequence: random, trialTypes=12, nReps=5, seed=None
51.6623 	EXP 	New trial (rep=0, index=0): {'delay': 0.1, 'freq': 1000, 'condition': 'exp'}
51.7314 	DATA 	Keypress: space
51.7638 	EXP 	textbox: autoLog = True
51.7638 	EXP 	polygon: autoDraw = True
52.5624 	EXP 	polygon_2: autoDraw = True
52.7793 	EXP 	polygon: autoDraw = False
62.5668 	DATA 	Keypress: space
62.5797 	EXP 	polygon: autoDraw = False
62.5797 	EXP 	polygon_2: autoDraw = False
62.9983 	EXP 	text: autoDraw = True
62.9983 	EXP 	textbox: autoDraw = True
71.0462 	DATA 	Keypress: 2
71.3629 	DATA 	Keypress: 6
72.7798 	DATA 	Keypress: 0
74.7802 	DATA 	Mouse: Left button down, pos=(941,233)
74.8743 	EXP 	New trial (rep=0, index=1): {'delay': 0.1, 'freq': 1000, 'condition': 'exp'}
74.8797 	EXP 	text: autoDraw = False
74.8797 	EXP 	textbox: autoDraw = False
74.8797 	EXP 	polygon: autoDraw = True
74.9985 	DATA 	Mouse:  Left button up, pos=(941,233)
75.8799 	EXP 	polygon: autoDraw = False
75.8799 	EXP 	polygon_2: autoDraw = True
76.7990 	DATA 	Keypress: space
76.8296 	EXP 	polygon: autoDraw = False
76.8296 	EXP 	polygon_2: autoDraw = False
77.2297 	EXP 	text: autoDraw = True
77.2297 	EXP 	textbox: autoDraw = True
82.0134 	DATA 	Keypress: 0
82.5666 	DATA 	Keypress: 1
85.1963 	DATA 	Mouse: Left button down, pos=(974,182)
85.1977 	EXP 	New trial (rep=0, index=2): {'delay': 0.4, 'freq': 1000, 'condition': 'exp'}
85.2125 	EXP 	text: autoDraw = False
85.2125 	EXP 	textbox: autoDraw = False
85.2125 	EXP 	polygon: autoDraw = True
85.4310 	DATA 	Mouse:  Left button up, pos=(974,182)
86.1963 	EXP 	polygon_2: autoDraw = True
86.2129 	EXP 	polygon: autoDraw = False
87.9000 	DATA 	Keypress: space
87.9127 	EXP 	polygon: autoDraw = False
87.9127 	EXP 	polygon_2: autoDraw = False
88.6135 	EXP 	text: autoDraw = True
88.6135 	EXP 	textbox: autoDraw = True
91.8507 	DATA 	Keypress: 0
92.9306 	DATA 	Keypress: backspace
93.7472 	DATA 	Keypress: 2
94.2470 	DATA 	Keypress: 0
94.4302 	DATA 	Keypress: 0
95.6808 	DATA 	Mouse: Left button down, pos=(998,263)
95.6821 	EXP 	New trial (rep=0, index=3): {'delay': 0.7, 'freq': 400, 'condition': 'unexp'}
95.6968 	EXP 	text: autoDraw = False
95.6968 	EXP 	textbox: autoDraw = False
95.6968 	EXP 	polygon: autoDraw = True
95.8976 	DATA 	Mouse:  Left button up, pos=(998,263)
96.6962 	EXP 	polygon: autoDraw = False
96.6962 	EXP 	polygon_2: autoDraw = True
101.4826 	DATA 	Keypress: space
101.4962 	EXP 	polygon: autoDraw = False
101.4962 	EXP 	polygon_2: autoDraw = False
102.5585 	EXP 	text: autoDraw = True
102.5585 	EXP 	textbox: autoDraw = True
107.6966 	DATA 	Keypress: 1
108.2302 	DATA 	Keypress: minus
109.4809 	DATA 	Keypress: backspace
109.8969 	DATA 	Keypress: 0
111.6306 	DATA 	Mouse: Left button down, pos=(884,167)
111.6318 	EXP 	New trial (rep=0, index=4): {'delay': 0.1, 'freq': 400, 'condition': 'unexp'}
111.6460 	EXP 	text: autoDraw = False
111.6460 	EXP 	textbox: autoDraw = False
111.6460 	EXP 	polygon: autoDraw = True
111.8485 	DATA 	Mouse:  Left button up, pos=(884,167)
112.6467 	EXP 	polygon: autoDraw = False
112.6467 	EXP 	polygon_2: autoDraw = True
114.6161 	DATA 	Keypress: space
114.6295 	EXP 	polygon: autoDraw = False
114.6295 	EXP 	polygon_2: autoDraw = False
115.0302 	EXP 	text: autoDraw = True
115.0302 	EXP 	textbox: autoDraw = True
116.4133 	DATA 	Keypress: 1
117.1139 	DATA 	Keypress: 0
119.4337 	DATA 	Mouse: Left button down, pos=(1018,227)
119.4480 	EXP 	New trial (rep=0, index=5): {'delay': 0.7, 'freq': 1000, 'condition': 'exp'}
119.4629 	EXP 	text: autoDraw = False
119.4629 	EXP 	textbox: autoDraw = False
119.4629 	EXP 	polygon: autoDraw = True
119.6647 	DATA 	Mouse:  Left button up, pos=(1018,227)
120.3648 	DATA 	Mouse: Left button down, pos=(1018,227)
120.4632 	EXP 	polygon: autoDraw = False
120.4632 	EXP 	polygon_2: autoDraw = True
120.5815 	DATA 	Mouse:  Left button up, pos=(1018,227)
121.3002 	DATA 	Keypress: space
121.3131 	EXP 	polygon: autoDraw = False
121.3131 	EXP 	polygon_2: autoDraw = False
122.3137 	EXP 	text: autoDraw = True
122.3137 	EXP 	textbox: autoDraw = True
124.7180 	DATA 	Keypress: 5
125.2843 	DATA 	Keypress: 0
126.7633 	DATA 	Mouse: Left button down, pos=(1018,227)
126.7645 	EXP 	New trial (rep=0, index=6): {'delay': 0.4, 'freq': 400, 'condition': 'unexp'}
126.7794 	EXP 	text: autoDraw = False
126.7794 	EXP 	textbox: autoDraw = False
126.7794 	EXP 	polygon: autoDraw = True
126.9816 	DATA 	Mouse:  Left button up, pos=(1018,227)
127.7798 	EXP 	polygon: autoDraw = False
127.7798 	EXP 	polygon_2: autoDraw = True
133.7993 	DATA 	Mouse: Left button down, pos=(958,310)
133.9507 	DATA 	Keypress: space
133.9631 	EXP 	polygon: autoDraw = False
133.9631 	EXP 	polygon_2: autoDraw = False
134.0314 	DATA 	Mouse:  Left button up, pos=(958,310)
134.6640 	EXP 	text: autoDraw = True
134.6640 	EXP 	textbox: autoDraw = True
136.7305 	DATA 	Keypress: 1
138.0306 	DATA 	Keypress: 0
139.8709 	DATA 	Mouse: Left button down, pos=(944,227)
139.8818 	EXP 	New trial (rep=0, index=7): {'delay': 0.4, 'freq': 1000, 'condition': 'exp'}
139.8969 	EXP 	text: autoDraw = False
139.8969 	EXP 	textbox: autoDraw = False
139.8969 	EXP 	polygon: autoDraw = True
140.1152 	DATA 	Mouse:  Left button up, pos=(944,227)
140.8969 	EXP 	polygon: autoDraw = False
140.8969 	EXP 	polygon_2: autoDraw = True
141.7833 	DATA 	Keypress: space
141.7970 	EXP 	polygon: autoDraw = False
141.7970 	EXP 	polygon_2: autoDraw = False
142.4968 	EXP 	text: autoDraw = True
142.4968 	EXP 	textbox: autoDraw = True
144.6314 	DATA 	Keypress: 1
145.1193 	DATA 	Keypress: 0
146.4808 	DATA 	Mouse: Left button down, pos=(1027,249)
146.4824 	EXP 	New trial (rep=0, index=8): {'delay': 0.7, 'freq': 1000, 'condition': 'exp'}
146.4969 	EXP 	text: autoDraw = False
146.4969 	EXP 	textbox: autoDraw = False
146.4969 	EXP 	polygon: autoDraw = True
146.7159 	DATA 	Mouse:  Left button up, pos=(1027,249)
147.4968 	EXP 	polygon: autoDraw = False
147.4968 	EXP 	polygon_2: autoDraw = True
150.6335 	DATA 	Keypress: space
150.6469 	EXP 	polygon: autoDraw = False
150.6469 	EXP 	polygon_2: autoDraw = False
151.6471 	EXP 	text: autoDraw = True
151.6471 	EXP 	textbox: autoDraw = True
153.1972 	DATA 	Keypress: 5
153.6023 	DATA 	Keypress: 0
155.2638 	DATA 	Mouse: Left button down, pos=(1040,196)
155.2652 	EXP 	New trial (rep=0, index=9): {'delay': 0.4, 'freq': 1000, 'condition': 'exp'}
155.2799 	EXP 	text: autoDraw = False
155.2799 	EXP 	textbox: autoDraw = False
155.2799 	EXP 	polygon: autoDraw = True
155.4826 	DATA 	Mouse:  Left button up, pos=(1040,196)
156.2803 	EXP 	polygon: autoDraw = False
156.2803 	EXP 	polygon_2: autoDraw = True
158.5693 	DATA 	Keypress: space
158.5969 	EXP 	polygon: autoDraw = False
158.5969 	EXP 	polygon_2: autoDraw = False
159.2971 	EXP 	text: autoDraw = True
159.2971 	EXP 	textbox: autoDraw = True
161.1808 	DATA 	Keypress: 5
161.2975 	DATA 	Keypress: 0
162.5142 	DATA 	Mouse: Left button down, pos=(968,133)
162.7160 	EXP 	New trial (rep=0, index=10): {'delay': 0.1, 'freq': 1000, 'condition': 'exp'}
162.7303 	EXP 	text: autoDraw = False
162.7303 	EXP 	textbox: autoDraw = False
162.7303 	EXP 	polygon: autoDraw = True
162.8651 	DATA 	Mouse:  Left button up, pos=(964,192)
163.0487 	DATA 	Mouse: Left button down, pos=(964,192)
163.2656 	DATA 	Mouse:  Left button up, pos=(964,192)
163.7303 	EXP 	polygon: autoDraw = False
163.7303 	EXP 	polygon_2: autoDraw = True
164.1334 	DATA 	Keypress: space
164.1470 	EXP 	polygon: autoDraw = False
164.1470 	EXP 	polygon_2: autoDraw = False
164.5471 	EXP 	text: autoDraw = True
164.5471 	EXP 	textbox: autoDraw = True
166.0480 	DATA 	Keypress: 1
166.1972 	DATA 	Keypress: 9
167.3641 	DATA 	Keypress: backspace
167.6674 	DATA 	Keypress: 0
171.7812 	DATA 	Mouse: Left button down, pos=(933,230)
171.7825 	EXP 	New trial (rep=0, index=11): {'delay': 0.7, 'freq': 1000, 'condition': 'exp'}
171.7973 	EXP 	text: autoDraw = False
171.7973 	EXP 	textbox: autoDraw = False
171.7973 	EXP 	polygon: autoDraw = True
172.0155 	DATA 	Mouse:  Left button up, pos=(933,230)
172.7978 	EXP 	polygon: autoDraw = False
172.7978 	EXP 	polygon_2: autoDraw = True
175.2007 	DATA 	Keypress: space
175.2136 	EXP 	polygon: autoDraw = False
175.2136 	EXP 	polygon_2: autoDraw = False
176.2146 	EXP 	text: autoDraw = True
176.2146 	EXP 	textbox: autoDraw = True
178.0977 	DATA 	Keypress: 5
178.2309 	DATA 	Keypress: 0
179.7141 	DATA 	Mouse: Left button down, pos=(1061,124)
179.9308 	DATA 	Mouse:  Left button up, pos=(1061,124)
180.9142 	DATA 	Mouse: Left button down, pos=(1044,284)
181.1480 	DATA 	Mouse:  Left button up, pos=(1044,284)
181.6651 	DATA 	Mouse: Left button down, pos=(1029,258)
181.6666 	EXP 	New trial (rep=1, index=0): {'delay': 0.4, 'freq': 400, 'condition': 'unexp'}
181.6804 	EXP 	text: autoDraw = False
181.6804 	EXP 	textbox: autoDraw = False
181.6804 	EXP 	polygon: autoDraw = True
181.9000 	DATA 	Mouse:  Left button up, pos=(1029,258)
182.6805 	EXP 	polygon: autoDraw = False
182.6805 	EXP 	polygon_2: autoDraw = True
184.3510 	DATA 	Keypress: space
184.3636 	EXP 	polygon: autoDraw = False
184.3636 	EXP 	polygon_2: autoDraw = False
185.0645 	EXP 	text: autoDraw = True
185.0645 	EXP 	textbox: autoDraw = True
187.0640 	DATA 	Keypress: 6
187.2977 	DATA 	Keypress: 0
188.5977 	DATA 	Mouse: Left button down, pos=(1034,220)
188.5992 	EXP 	New trial (rep=1, index=1): {'delay': 0.1, 'freq': 400, 'condition': 'unexp'}
188.6137 	EXP 	text: autoDraw = False
188.6137 	EXP 	textbox: autoDraw = False
188.6137 	EXP 	polygon: autoDraw = True
188.8158 	DATA 	Mouse:  Left button up, pos=(1034,220)
189.6139 	EXP 	polygon: autoDraw = False
189.6139 	EXP 	polygon_2: autoDraw = True
193.4005 	DATA 	Keypress: space
193.4139 	EXP 	polygon: autoDraw = False
193.4139 	EXP 	polygon_2: autoDraw = False
193.8144 	EXP 	text: autoDraw = True
193.8144 	EXP 	textbox: autoDraw = True
195.4028 	DATA 	Keypress: 6
195.5810 	DATA 	Keypress: 0
196.4144 	DATA 	Keypress: space
197.8531 	DATA 	Mouse: Left button down, pos=(995,242)
197.8658 	EXP 	New trial (rep=1, index=2): {'delay': 0.7, 'freq': 400, 'condition': 'unexp'}
197.8806 	EXP 	text: autoDraw = False
197.8806 	EXP 	textbox: autoDraw = False
197.8806 	EXP 	polygon: autoDraw = True
198.0829 	DATA 	Mouse:  Left button up, pos=(995,242)
198.8808 	EXP 	polygon: autoDraw = False
198.8808 	EXP 	polygon_2: autoDraw = True
200.5839 	DATA 	Keypress: space
200.5975 	EXP 	polygon: autoDraw = False
200.5975 	EXP 	polygon_2: autoDraw = False
201.5979 	EXP 	text: autoDraw = True
201.5979 	EXP 	textbox: autoDraw = True
203.4022 	DATA 	Keypress: 1
204.0150 	DATA 	Keypress: 0
205.2812 	DATA 	Mouse: Left button down, pos=(956,190)
205.2827 	EXP 	New trial (rep=1, index=3): {'delay': 0.4, 'freq': 1000, 'condition': 'exp'}
205.2974 	EXP 	text: autoDraw = False
205.2974 	EXP 	textbox: autoDraw = False
205.2974 	EXP 	polygon: autoDraw = True
205.5000 	DATA 	Mouse:  Left button up, pos=(956,190)
206.2975 	EXP 	polygon: autoDraw = False
206.2975 	EXP 	polygon_2: autoDraw = True
206.8342 	DATA 	Keypress: space
206.8475 	EXP 	polygon: autoDraw = False
206.8475 	EXP 	polygon_2: autoDraw = False
207.5477 	EXP 	text: autoDraw = True
207.5477 	EXP 	textbox: autoDraw = True
209.2863 	DATA 	Keypress: 1
209.5198 	DATA 	Keypress: 0
209.6680 	DATA 	Keypress: 0
211.7809 	DATA 	Keypress: backspace
212.7649 	DATA 	Mouse: Left button down, pos=(956,190)
212.7661 	EXP 	New trial (rep=1, index=4): {'delay': 0.4, 'freq': 1000, 'condition': 'exp'}
212.7805 	EXP 	text: autoDraw = False
212.7805 	EXP 	textbox: autoDraw = False
212.7805 	EXP 	polygon: autoDraw = True
212.9825 	DATA 	Mouse:  Left button up, pos=(956,190)
213.7808 	EXP 	polygon: autoDraw = False
213.7808 	EXP 	polygon_2: autoDraw = True
218.1177 	DATA 	Keypress: space
218.1306 	EXP 	polygon: autoDraw = False
218.1306 	EXP 	polygon_2: autoDraw = False
218.8309 	EXP 	text: autoDraw = True
218.8309 	EXP 	textbox: autoDraw = True
220.1817 	DATA 	Keypress: 1
221.1814 	DATA 	Keypress: space
222.3197 	DATA 	Mouse: Left button down, pos=(936,191)
222.3327 	EXP 	New trial (rep=1, index=5): {'delay': 0.7, 'freq': 1000, 'condition': 'exp'}
222.3475 	EXP 	text: autoDraw = False
222.3475 	EXP 	textbox: autoDraw = False
222.3475 	EXP 	polygon: autoDraw = True
222.5498 	DATA 	Mouse:  Left button up, pos=(936,191)
223.3476 	EXP 	polygon: autoDraw = False
223.3476 	EXP 	polygon_2: autoDraw = True
226.6167 	DATA 	Keypress: space
226.6308 	EXP 	polygon: autoDraw = False
226.6308 	EXP 	polygon_2: autoDraw = False
227.6311 	EXP 	text: autoDraw = True
227.6311 	EXP 	textbox: autoDraw = True
228.1810 	DATA 	Keypress: 1
228.4033 	DATA 	Keypress: 0
229.9478 	DATA 	Mouse: Left button down, pos=(950,222)
229.9493 	EXP 	New trial (rep=1, index=6): {'delay': 0.1, 'freq': 1000, 'condition': 'exp'}
229.9640 	EXP 	text: autoDraw = False
229.9640 	EXP 	textbox: autoDraw = False
229.9640 	EXP 	polygon: autoDraw = True
230.1657 	DATA 	Mouse:  Left button up, pos=(950,222)
230.9644 	EXP 	polygon: autoDraw = False
230.9644 	EXP 	polygon_2: autoDraw = True
236.3015 	DATA 	Keypress: space
236.3145 	EXP 	polygon: autoDraw = False
236.3145 	EXP 	polygon_2: autoDraw = False
236.7154 	EXP 	text: autoDraw = True
236.7154 	EXP 	textbox: autoDraw = True
239.1813 	DATA 	Keypress: 1
240.1984 	DATA 	Mouse: Left button down, pos=(950,220)
240.2001 	EXP 	New trial (rep=1, index=7): {'delay': 0.7, 'freq': 1000, 'condition': 'exp'}
240.2144 	EXP 	text: autoDraw = False
240.2144 	EXP 	textbox: autoDraw = False
240.2144 	EXP 	polygon: autoDraw = True
240.4327 	DATA 	Mouse:  Left button up, pos=(950,220)
241.2145 	EXP 	polygon: autoDraw = False
241.2145 	EXP 	polygon_2: autoDraw = True
243.4176 	DATA 	Keypress: space
243.4310 	EXP 	polygon: autoDraw = False
243.4310 	EXP 	polygon_2: autoDraw = False
244.4319 	EXP 	text: autoDraw = True
244.4319 	EXP 	textbox: autoDraw = True
250.9320 	DATA 	Keypress: 3
252.3819 	DATA 	Mouse: Left button down, pos=(950,227)
252.3831 	EXP 	New trial (rep=1, index=8): {'delay': 0.4, 'freq': 1000, 'condition': 'exp'}
252.3980 	EXP 	text: autoDraw = False
252.3980 	EXP 	textbox: autoDraw = False
252.3980 	EXP 	polygon: autoDraw = True
252.5999 	DATA 	Mouse:  Left button up, pos=(950,227)
253.3978 	EXP 	polygon: autoDraw = False
253.3978 	EXP 	polygon_2: autoDraw = True
254.6678 	DATA 	Keypress: space
254.6810 	EXP 	polygon: autoDraw = False
254.6810 	EXP 	polygon_2: autoDraw = False
254.8665 	DATA 	Keypress: space
255.3821 	EXP 	text: autoDraw = True
255.3821 	EXP 	textbox: autoDraw = True
256.7154 	DATA 	Keypress: 1
256.9195 	DATA 	Keypress: 0
258.1323 	DATA 	Mouse: Left button down, pos=(989,233)
258.1337 	EXP 	New trial (rep=1, index=9): {'delay': 0.7, 'freq': 1000, 'condition': 'exp'}
258.1478 	EXP 	text: autoDraw = False
258.1478 	EXP 	textbox: autoDraw = False
258.1478 	EXP 	polygon: autoDraw = True
258.3504 	DATA 	Mouse:  Left button up, pos=(989,233)
259.1479 	EXP 	polygon: autoDraw = False
259.1479 	EXP 	polygon_2: autoDraw = True
261.9669 	DATA 	Mouse: Left button down, pos=(995,192)
262.1843 	DATA 	Mouse:  Left button up, pos=(995,192)
262.3841 	DATA 	Keypress: space
262.3980 	EXP 	polygon: autoDraw = False
262.3980 	EXP 	polygon_2: autoDraw = False
263.3983 	EXP 	text: autoDraw = True
263.3983 	EXP 	textbox: autoDraw = True
265.9037 	DATA 	Keypress: 1
266.9989 	DATA 	Mouse: Left button down, pos=(1013,221)
267.0005 	EXP 	New trial (rep=1, index=10): {'delay': 0.1, 'freq': 1000, 'condition': 'exp'}
267.0152 	EXP 	text: autoDraw = False
267.0152 	EXP 	textbox: autoDraw = False
267.0152 	EXP 	polygon: autoDraw = True
267.2165 	DATA 	Mouse:  Left button up, pos=(1013,221)
268.0149 	EXP 	polygon: autoDraw = False
268.0149 	EXP 	polygon_2: autoDraw = True
269.2517 	DATA 	Keypress: space
269.2648 	EXP 	polygon: autoDraw = False
269.2648 	EXP 	polygon_2: autoDraw = False
269.6654 	EXP 	text: autoDraw = True
269.6654 	EXP 	textbox: autoDraw = True
270.8986 	DATA 	Keypress: 1
272.4716 	DATA 	Mouse: Left button down, pos=(1013,221)
272.4829 	EXP 	New trial (rep=1, index=11): {'delay': 0.1, 'freq': 1000, 'condition': 'exp'}
272.4978 	EXP 	text: autoDraw = False
272.4978 	EXP 	textbox: autoDraw = False
272.4978 	EXP 	polygon: autoDraw = True
272.7003 	DATA 	Mouse:  Left button up, pos=(1013,221)
273.4981 	EXP 	polygon: autoDraw = False
273.4981 	EXP 	polygon_2: autoDraw = True
275.8670 	DATA 	Mouse: Left button down, pos=(1013,221)
276.1008 	DATA 	Mouse:  Left button up, pos=(1013,221)
276.2347 	DATA 	Keypress: space
276.2482 	EXP 	polygon: autoDraw = False
276.2482 	EXP 	polygon_2: autoDraw = False
276.6485 	EXP 	text: autoDraw = True
276.6485 	EXP 	textbox: autoDraw = True
279.8820 	DATA 	Keypress: 1
280.0821 	DATA 	Keypress: 0
281.3531 	DATA 	Mouse: Left button down, pos=(1013,221)
281.3666 	EXP 	New trial (rep=2, index=0): {'delay': 0.4, 'freq': 1000, 'condition': 'exp'}
281.3815 	EXP 	text: autoDraw = False
281.3815 	EXP 	textbox: autoDraw = False
281.3815 	EXP 	polygon: autoDraw = True
281.5830 	DATA 	Mouse:  Left button up, pos=(1013,221)
282.3815 	EXP 	polygon: autoDraw = False
282.3815 	EXP 	polygon_2: autoDraw = True
285.9849 	DATA 	Keypress: space
285.9983 	EXP 	polygon: autoDraw = False
285.9983 	EXP 	polygon_2: autoDraw = False
286.6986 	EXP 	text: autoDraw = True
286.6986 	EXP 	textbox: autoDraw = True
288.3661 	DATA 	Keypress: 1
288.6818 	DATA 	Keypress: 0
290.0493 	DATA 	Mouse: Left button down, pos=(1013,221)
290.0512 	EXP 	New trial (rep=2, index=1): {'delay': 0.1, 'freq': 400, 'condition': 'unexp'}
290.0649 	EXP 	text: autoDraw = False
290.0649 	EXP 	textbox: autoDraw = False
290.0649 	EXP 	polygon: autoDraw = True
290.2669 	DATA 	Mouse:  Left button up, pos=(1013,221)
291.0649 	EXP 	polygon: autoDraw = False
291.0649 	EXP 	polygon_2: autoDraw = True
292.9515 	DATA 	Keypress: space
292.9651 	EXP 	polygon: autoDraw = False
292.9651 	EXP 	polygon_2: autoDraw = False
293.3651 	EXP 	text: autoDraw = True
293.3651 	EXP 	textbox: autoDraw = True
294.9655 	DATA 	Keypress: 1
296.0994 	DATA 	Mouse: Left button down, pos=(1013,221)
296.1008 	EXP 	New trial (rep=2, index=2): {'delay': 0.7, 'freq': 1000, 'condition': 'exp'}
296.1148 	EXP 	text: autoDraw = False
296.1148 	EXP 	textbox: autoDraw = False
296.1148 	EXP 	polygon: autoDraw = True
296.3336 	DATA 	Mouse:  Left button up, pos=(1013,221)
297.1152 	EXP 	polygon: autoDraw = False
297.1152 	EXP 	polygon_2: autoDraw = True
298.3015 	DATA 	Keypress: space
298.3150 	EXP 	polygon: autoDraw = False
298.3150 	EXP 	polygon_2: autoDraw = False
299.3157 	EXP 	text: autoDraw = True
299.3157 	EXP 	textbox: autoDraw = True
300.4155 	DATA 	Keypress: 1
301.4656 	DATA 	Mouse: Left button down, pos=(1013,221)
301.4672 	EXP 	New trial (rep=2, index=3): {'delay': 0.4, 'freq': 1000, 'condition': 'exp'}
301.4814 	EXP 	text: autoDraw = False
301.4814 	EXP 	textbox: autoDraw = False
301.4814 	EXP 	polygon: autoDraw = True
301.7014 	DATA 	Mouse:  Left button up, pos=(1013,221)
302.4821 	EXP 	polygon: autoDraw = False
302.4821 	EXP 	polygon_2: autoDraw = True
306.0348 	DATA 	Keypress: space
306.0483 	EXP 	polygon: autoDraw = False
306.0483 	EXP 	polygon_2: autoDraw = False
306.7488 	EXP 	text: autoDraw = True
306.7488 	EXP 	textbox: autoDraw = True
309.9822 	DATA 	Keypress: 1
311.8156 	DATA 	Mouse: Left button down, pos=(1018,210)
311.8171 	EXP 	New trial (rep=2, index=4): {'delay': 0.1, 'freq': 1000, 'condition': 'exp'}
311.8319 	EXP 	text: autoDraw = False
311.8319 	EXP 	textbox: autoDraw = False
311.8319 	EXP 	polygon: autoDraw = True
312.0333 	DATA 	Mouse:  Left button up, pos=(1018,210)
312.8318 	EXP 	polygon: autoDraw = False
312.8318 	EXP 	polygon_2: autoDraw = True
313.4687 	DATA 	Keypress: space
313.4817 	EXP 	polygon: autoDraw = False
313.4817 	EXP 	polygon_2: autoDraw = False
313.8819 	EXP 	text: autoDraw = True
313.8819 	EXP 	textbox: autoDraw = True
314.8832 	DATA 	Keypress: 1
315.9825 	DATA 	Mouse: Left button down, pos=(1010,208)
315.9838 	EXP 	New trial (rep=2, index=5): {'delay': 0.7, 'freq': 1000, 'condition': 'exp'}
315.9985 	EXP 	text: autoDraw = False
315.9985 	EXP 	textbox: autoDraw = False
315.9985 	EXP 	polygon: autoDraw = True
316.2179 	DATA 	Mouse:  Left button up, pos=(1010,208)
316.9987 	EXP 	polygon: autoDraw = False
316.9987 	EXP 	polygon_2: autoDraw = True
318.8519 	DATA 	Keypress: space
318.8652 	EXP 	polygon: autoDraw = False
318.8652 	EXP 	polygon_2: autoDraw = False
319.8653 	EXP 	text: autoDraw = True
319.8653 	EXP 	textbox: autoDraw = True
322.4711 	DATA 	Keypress: 1
323.4829 	DATA 	Mouse: Left button down, pos=(1010,208)
323.4842 	EXP 	New trial (rep=2, index=6): {'delay': 0.1, 'freq': 1000, 'condition': 'exp'}
323.4991 	EXP 	text: autoDraw = False
323.4991 	EXP 	textbox: autoDraw = False
323.4991 	EXP 	polygon: autoDraw = True
323.7010 	DATA 	Mouse:  Left button up, pos=(1010,208)
324.4989 	EXP 	polygon: autoDraw = False
324.4989 	EXP 	polygon_2: autoDraw = True
326.8351 	DATA 	Keypress: space
326.8487 	EXP 	polygon: autoDraw = False
326.8487 	EXP 	polygon_2: autoDraw = False
327.2488 	EXP 	text: autoDraw = True
327.2488 	EXP 	textbox: autoDraw = True
329.5991 	DATA 	Keypress: 1
333.1712 	DATA 	Keypress: period
333.9323 	DATA 	Keypress: 5
335.8999 	DATA 	Keypress: backspace
336.0990 	DATA 	Keypress: backspace
336.6209 	DATA 	Keypress: backspace
337.1657 	DATA 	Keypress: 0
338.0046 	DATA 	Keypress: period
340.4329 	DATA 	Keypress: 5
341.3887 	DATA 	Keypress: backspace
341.5822 	DATA 	Keypress: backspace
341.7492 	DATA 	Keypress: backspace
342.5659 	DATA 	Keypress: 1
343.8370 	DATA 	Mouse: Left button down, pos=(1013,244)
343.8513 	EXP 	New trial (rep=2, index=7): {'delay': 0.7, 'freq': 1000, 'condition': 'exp'}
343.8656 	EXP 	text: autoDraw = False
343.8656 	EXP 	textbox: autoDraw = False
343.8656 	EXP 	polygon: autoDraw = True
344.0676 	DATA 	Mouse:  Left button up, pos=(1013,244)
344.8656 	EXP 	polygon: autoDraw = False
344.8656 	EXP 	polygon_2: autoDraw = True
348.0514 	DATA 	Keypress: space
348.0654 	EXP 	polygon: autoDraw = False
348.0654 	EXP 	polygon_2: autoDraw = False
349.0664 	EXP 	text: autoDraw = True
349.0664 	EXP 	textbox: autoDraw = True
351.1662 	DATA 	Keypress: 1
352.4030 	DATA 	Mouse: Left button down, pos=(1013,231)
352.4170 	EXP 	New trial (rep=2, index=8): {'delay': 0.4, 'freq': 1000, 'condition': 'exp'}
352.4321 	EXP 	text: autoDraw = False
352.4321 	EXP 	textbox: autoDraw = False
352.4321 	EXP 	polygon: autoDraw = True
352.6344 	DATA 	Mouse:  Left button up, pos=(1013,231)
353.4160 	EXP 	polygon_2: autoDraw = True
353.4325 	EXP 	polygon: autoDraw = False
357.6191 	DATA 	Keypress: space
357.6321 	EXP 	polygon: autoDraw = False
357.6321 	EXP 	polygon_2: autoDraw = False
358.3326 	EXP 	text: autoDraw = True
358.3326 	EXP 	textbox: autoDraw = True
359.4159 	DATA 	Keypress: 1
360.9167 	DATA 	Mouse: Left button down, pos=(1013,231)
360.9178 	EXP 	New trial (rep=2, index=9): {'delay': 0.1, 'freq': 1000, 'condition': 'exp'}
360.9321 	EXP 	text: autoDraw = False
360.9321 	EXP 	textbox: autoDraw = False
360.9321 	EXP 	polygon: autoDraw = True
361.1339 	DATA 	Mouse:  Left button up, pos=(1013,231)
361.9326 	EXP 	polygon: autoDraw = False
361.9326 	EXP 	polygon_2: autoDraw = True
366.7856 	DATA 	Keypress: space
366.7992 	EXP 	polygon: autoDraw = False
366.7992 	EXP 	polygon_2: autoDraw = False
367.1993 	EXP 	text: autoDraw = True
367.1993 	EXP 	textbox: autoDraw = True
368.0056 	DATA 	Keypress: 1
369.2680 	DATA 	Mouse: Left button down, pos=(1013,231)
369.2696 	EXP 	New trial (rep=2, index=10): {'delay': 0.7, 'freq': 400, 'condition': 'unexp'}
369.2824 	EXP 	text: autoDraw = False
369.2824 	EXP 	textbox: autoDraw = False
369.2824 	EXP 	polygon: autoDraw = True
369.4843 	DATA 	Mouse:  Left button up, pos=(1013,231)
370.2827 	EXP 	polygon: autoDraw = False
370.2827 	EXP 	polygon_2: autoDraw = True
373.3198 	DATA 	Keypress: space
373.3323 	EXP 	polygon: autoDraw = False
373.3323 	EXP 	polygon_2: autoDraw = False
374.3331 	EXP 	text: autoDraw = True
374.3331 	EXP 	textbox: autoDraw = True
376.5552 	DATA 	Keypress: 5
377.1875 	DATA 	Keypress: 0
378.4336 	DATA 	Mouse: Left button down, pos=(1013,231)
378.4347 	EXP 	New trial (rep=2, index=11): {'delay': 0.4, 'freq': 400, 'condition': 'unexp'}
378.4491 	EXP 	text: autoDraw = False
378.4491 	EXP 	textbox: autoDraw = False
378.4491 	EXP 	polygon: autoDraw = True
378.6514 	DATA 	Mouse:  Left button up, pos=(1013,231)
379.4494 	EXP 	polygon: autoDraw = False
379.4494 	EXP 	polygon_2: autoDraw = True
382.5533 	DATA 	Keypress: space
382.5663 	EXP 	polygon: autoDraw = False
382.5663 	EXP 	polygon_2: autoDraw = False
383.2661 	EXP 	text: autoDraw = True
383.2661 	EXP 	textbox: autoDraw = True
384.6827 	DATA 	Keypress: 1
386.3330 	DATA 	Mouse: Left button down, pos=(1013,231)
386.3343 	EXP 	New trial (rep=3, index=0): {'delay': 0.4, 'freq': 400, 'condition': 'unexp'}
386.3495 	EXP 	text: autoDraw = False
386.3495 	EXP 	textbox: autoDraw = False
386.3495 	EXP 	polygon: autoDraw = True
386.5515 	DATA 	Mouse:  Left button up, pos=(1013,231)
387.3497 	EXP 	polygon: autoDraw = False
387.3497 	EXP 	polygon_2: autoDraw = True
387.6022 	DATA 	Keypress: space
387.6159 	EXP 	polygon: autoDraw = False
387.6159 	EXP 	polygon_2: autoDraw = False
388.3167 	EXP 	text: autoDraw = True
388.3167 	EXP 	textbox: autoDraw = True
391.3503 	DATA 	Keypress: 1
391.8214 	DATA 	Keypress: 0
393.0532 	DATA 	Mouse: Left button down, pos=(1013,231)
393.0678 	EXP 	New trial (rep=3, index=1): {'delay': 0.4, 'freq': 1000, 'condition': 'exp'}
393.0824 	EXP 	text: autoDraw = False
393.0824 	EXP 	textbox: autoDraw = False
393.0824 	EXP 	polygon: autoDraw = True
393.2681 	DATA 	Mouse:  Left button up, pos=(1013,231)
394.0825 	EXP 	polygon: autoDraw = False
394.0825 	EXP 	polygon_2: autoDraw = True
396.3858 	DATA 	Keypress: space
396.3994 	EXP 	polygon: autoDraw = False
396.3994 	EXP 	polygon_2: autoDraw = False
397.0997 	EXP 	text: autoDraw = True
397.0997 	EXP 	textbox: autoDraw = True
398.2176 	DATA 	Keypress: 1
399.6005 	DATA 	Mouse: Left button down, pos=(1013,231)
399.6017 	EXP 	New trial (rep=3, index=2): {'delay': 0.1, 'freq': 1000, 'condition': 'exp'}
399.6161 	EXP 	text: autoDraw = False
399.6161 	EXP 	textbox: autoDraw = False
399.6161 	EXP 	polygon: autoDraw = True
399.8183 	DATA 	Mouse:  Left button up, pos=(1013,231)
400.6162 	EXP 	polygon: autoDraw = False
400.6162 	EXP 	polygon_2: autoDraw = True
406.5524 	DATA 	Keypress: space
406.5660 	EXP 	polygon: autoDraw = False
406.5660 	EXP 	polygon_2: autoDraw = False
406.9668 	EXP 	text: autoDraw = True
406.9668 	EXP 	textbox: autoDraw = True
407.7506 	DATA 	Keypress: 1
408.7842 	DATA 	Mouse: Left button down, pos=(1013,231)
408.7867 	EXP 	New trial (rep=3, index=3): {'delay': 0.1, 'freq': 1000, 'condition': 'exp'}
408.8000 	EXP 	text: autoDraw = False
408.8000 	EXP 	textbox: autoDraw = False
408.8000 	EXP 	polygon: autoDraw = True
409.0010 	DATA 	Mouse:  Left button up, pos=(1013,231)
409.7995 	EXP 	polygon: autoDraw = False
409.7995 	EXP 	polygon_2: autoDraw = True
412.3025 	DATA 	Keypress: space
412.3325 	EXP 	polygon: autoDraw = False
412.3325 	EXP 	polygon_2: autoDraw = False
412.7330 	EXP 	text: autoDraw = True
412.7330 	EXP 	textbox: autoDraw = True
415.2337 	DATA 	Keypress: 3
416.7000 	DATA 	Mouse: Left button down, pos=(1013,231)
416.7014 	EXP 	New trial (rep=3, index=4): {'delay': 0.1, 'freq': 1000, 'condition': 'exp'}
416.7162 	EXP 	text: autoDraw = False
416.7162 	EXP 	textbox: autoDraw = False
416.7162 	EXP 	polygon: autoDraw = True
416.9349 	DATA 	Mouse:  Left button up, pos=(1013,231)
417.7164 	EXP 	polygon: autoDraw = False
417.7164 	EXP 	polygon_2: autoDraw = True
418.8026 	DATA 	Keypress: space
418.8327 	EXP 	polygon: autoDraw = False
418.8327 	EXP 	polygon_2: autoDraw = False
419.2334 	EXP 	text: autoDraw = True
419.2334 	EXP 	textbox: autoDraw = True
419.8840 	DATA 	Keypress: 3
421.5000 	DATA 	Keypress: backspace
421.8500 	DATA 	Keypress: 1
422.8384 	DATA 	Mouse: Left button down, pos=(1013,231)
422.8509 	EXP 	New trial (rep=3, index=5): {'delay': 0.4, 'freq': 1000, 'condition': 'exp'}
422.8661 	EXP 	text: autoDraw = False
422.8661 	EXP 	textbox: autoDraw = False
422.8661 	EXP 	polygon: autoDraw = True
423.0684 	DATA 	Mouse:  Left button up, pos=(1013,231)
423.8664 	EXP 	polygon: autoDraw = False
423.8664 	EXP 	polygon_2: autoDraw = True
426.4861 	DATA 	Keypress: space
426.4996 	EXP 	polygon: autoDraw = False
426.4996 	EXP 	polygon_2: autoDraw = False
427.2002 	EXP 	text: autoDraw = True
427.2002 	EXP 	textbox: autoDraw = True
428.2670 	DATA 	Keypress: 1
429.3502 	DATA 	Mouse: Left button down, pos=(1013,231)
429.3514 	EXP 	New trial (rep=3, index=6): {'delay': 0.7, 'freq': 400, 'condition': 'unexp'}
429.3660 	EXP 	text: autoDraw = False
429.3660 	EXP 	textbox: autoDraw = False
429.3660 	EXP 	polygon: autoDraw = True
429.5685 	DATA 	Mouse:  Left button up, pos=(1013,231)
430.3663 	EXP 	polygon: autoDraw = False
430.3663 	EXP 	polygon_2: autoDraw = True
430.8865 	DATA 	Keypress: space
430.8998 	EXP 	polygon: autoDraw = False
430.8998 	EXP 	polygon_2: autoDraw = False
431.8999 	EXP 	text: autoDraw = True
431.8999 	EXP 	textbox: autoDraw = True
432.8221 	DATA 	Keypress: 1
434.0212 	DATA 	Mouse: Left button down, pos=(1013,231)
434.0352 	EXP 	New trial (rep=3, index=7): {'delay': 0.7, 'freq': 1000, 'condition': 'exp'}
434.0497 	EXP 	text: autoDraw = False
434.0497 	EXP 	textbox: autoDraw = False
434.0497 	EXP 	polygon: autoDraw = True
434.2517 	DATA 	Mouse:  Left button up, pos=(1013,231)
435.0499 	EXP 	polygon: autoDraw = False
435.0499 	EXP 	polygon_2: autoDraw = True
436.5192 	DATA 	Mouse: Left button down, pos=(1013,231)
436.7355 	DATA 	Mouse:  Left button up, pos=(1013,231)
437.1364 	DATA 	Keypress: space
437.1499 	EXP 	polygon: autoDraw = False
437.1499 	EXP 	polygon_2: autoDraw = False
438.1496 	EXP 	text: autoDraw = True
438.1496 	EXP 	textbox: autoDraw = True
439.5505 	DATA 	Keypress: 1
439.8334 	DATA 	Keypress: 0
441.1007 	DATA 	Mouse: Left button down, pos=(1013,232)
441.1018 	EXP 	New trial (rep=3, index=8): {'delay': 0.4, 'freq': 1000, 'condition': 'exp'}
441.1161 	EXP 	text: autoDraw = False
441.1161 	EXP 	textbox: autoDraw = False
441.1161 	EXP 	polygon: autoDraw = True
441.3191 	DATA 	Mouse:  Left button up, pos=(1013,232)
442.1167 	EXP 	polygon: autoDraw = False
442.1167 	EXP 	polygon_2: autoDraw = True
445.3537 	DATA 	Keypress: space
445.3666 	EXP 	polygon: autoDraw = False
445.3666 	EXP 	polygon_2: autoDraw = False
446.0667 	EXP 	text: autoDraw = True
446.0667 	EXP 	textbox: autoDraw = True
450.2506 	DATA 	Keypress: 1
451.2835 	DATA 	Mouse: Left button down, pos=(1013,232)
451.2848 	EXP 	New trial (rep=3, index=9): {'delay': 0.7, 'freq': 1000, 'condition': 'exp'}
451.2996 	EXP 	text: autoDraw = False
451.2996 	EXP 	textbox: autoDraw = False
451.2996 	EXP 	polygon: autoDraw = True
451.5019 	DATA 	Mouse:  Left button up, pos=(1013,232)
452.3001 	EXP 	polygon: autoDraw = False
452.3001 	EXP 	polygon_2: autoDraw = True
453.5030 	DATA 	Keypress: space
453.5332 	EXP 	polygon: autoDraw = False
453.5332 	EXP 	polygon_2: autoDraw = False
454.5339 	EXP 	text: autoDraw = True
454.5339 	EXP 	textbox: autoDraw = True
455.0011 	DATA 	Mouse: Left button down, pos=(1013,232)
455.0025 	EXP 	New trial (rep=3, index=10): {'delay': 0.1, 'freq': 400, 'condition': 'unexp'}
455.0171 	EXP 	text: autoDraw = False
455.0171 	EXP 	textbox: autoDraw = False
455.0171 	EXP 	polygon: autoDraw = True
455.2355 	DATA 	Mouse:  Left button up, pos=(1013,232)
456.0168 	EXP 	polygon: autoDraw = False
456.0168 	EXP 	polygon_2: autoDraw = True
458.2865 	DATA 	Keypress: space
458.3001 	EXP 	polygon: autoDraw = False
458.3001 	EXP 	polygon_2: autoDraw = False
458.7003 	EXP 	text: autoDraw = True
458.7003 	EXP 	textbox: autoDraw = True
459.0175 	DATA 	Keypress: 1
460.0340 	DATA 	Mouse: Left button down, pos=(1013,232)
460.0353 	EXP 	New trial (rep=3, index=11): {'delay': 0.7, 'freq': 1000, 'condition': 'exp'}
460.0498 	EXP 	text: autoDraw = False
460.0498 	EXP 	textbox: autoDraw = False
460.0498 	EXP 	polygon: autoDraw = True
460.2520 	DATA 	Mouse:  Left button up, pos=(1013,232)
461.0502 	EXP 	polygon: autoDraw = False
461.0502 	EXP 	polygon_2: autoDraw = True
462.0199 	DATA 	Keypress: space
462.0502 	EXP 	polygon: autoDraw = False
462.0502 	EXP 	polygon_2: autoDraw = False
463.0505 	EXP 	text: autoDraw = True
463.0505 	EXP 	textbox: autoDraw = True
465.2842 	DATA 	Keypress: 1
466.4506 	DATA 	Mouse: Left button down, pos=(1013,232)
466.4518 	EXP 	New trial (rep=4, index=0): {'delay': 0.4, 'freq': 1000, 'condition': 'exp'}
466.4673 	EXP 	text: autoDraw = False
466.4673 	EXP 	textbox: autoDraw = False
466.4673 	EXP 	polygon: autoDraw = True
466.6682 	DATA 	Mouse:  Left button up, pos=(1013,232)
467.4669 	EXP 	polygon: autoDraw = False
467.4669 	EXP 	polygon_2: autoDraw = True
469.2021 	DATA 	Mouse: Left button down, pos=(1013,232)
469.4196 	DATA 	Mouse:  Left button up, pos=(1013,232)
470.0704 	DATA 	Keypress: space
470.0835 	EXP 	polygon: autoDraw = False
470.0835 	EXP 	polygon_2: autoDraw = False
470.7842 	EXP 	text: autoDraw = True
470.7842 	EXP 	textbox: autoDraw = True
471.4513 	DATA 	Keypress: 1
472.6341 	DATA 	Mouse: Left button down, pos=(1013,232)
472.6362 	EXP 	New trial (rep=4, index=1): {'delay': 0.4, 'freq': 1000, 'condition': 'exp'}
472.6500 	EXP 	text: autoDraw = False
472.6500 	EXP 	textbox: autoDraw = False
472.6500 	EXP 	polygon: autoDraw = True
472.8521 	DATA 	Mouse:  Left button up, pos=(1013,232)
473.6502 	EXP 	polygon: autoDraw = False
473.6502 	EXP 	polygon_2: autoDraw = True
475.2033 	DATA 	Keypress: space
475.2169 	EXP 	polygon: autoDraw = False
475.2169 	EXP 	polygon_2: autoDraw = False
475.9170 	EXP 	text: autoDraw = True
475.9170 	EXP 	textbox: autoDraw = True
478.8180 	DATA 	Keypress: 2
480.2342 	DATA 	Mouse: Left button down, pos=(1013,232)
480.2355 	EXP 	New trial (rep=4, index=2): {'delay': 0.4, 'freq': 400, 'condition': 'unexp'}
480.2497 	EXP 	text: autoDraw = False
480.2497 	EXP 	textbox: autoDraw = False
480.2497 	EXP 	polygon: autoDraw = True
480.4683 	DATA 	Mouse:  Left button up, pos=(1013,232)
481.2502 	EXP 	polygon: autoDraw = False
481.2502 	EXP 	polygon_2: autoDraw = True
481.9367 	DATA 	Keypress: space
481.9502 	EXP 	polygon: autoDraw = False
481.9502 	EXP 	polygon_2: autoDraw = False
482.6506 	EXP 	text: autoDraw = True
482.6506 	EXP 	textbox: autoDraw = True
485.6841 	DATA 	Keypress: 1
485.8682 	DATA 	Keypress: 0
487.0674 	DATA 	Mouse: Left button down, pos=(1013,232)
487.0695 	EXP 	New trial (rep=4, index=3): {'delay': 0.7, 'freq': 1000, 'condition': 'exp'}
487.0835 	EXP 	text: autoDraw = False
487.0835 	EXP 	textbox: autoDraw = False
487.0835 	EXP 	polygon: autoDraw = True
487.3020 	DATA 	Mouse:  Left button up, pos=(1013,232)
488.0836 	EXP 	polygon: autoDraw = False
488.0836 	EXP 	polygon_2: autoDraw = True
490.2867 	DATA 	Keypress: space
490.3001 	EXP 	polygon: autoDraw = False
490.3001 	EXP 	polygon_2: autoDraw = False
491.3004 	EXP 	text: autoDraw = True
491.3004 	EXP 	textbox: autoDraw = True
494.2516 	DATA 	Keypress: 1
494.8012 	DATA 	Keypress: 0
496.0011 	DATA 	Mouse: Left button down, pos=(1013,232)
496.0032 	EXP 	New trial (rep=4, index=4): {'delay': 0.7, 'freq': 400, 'condition': 'unexp'}
496.0169 	EXP 	text: autoDraw = False
496.0169 	EXP 	textbox: autoDraw = False
496.0169 	EXP 	polygon: autoDraw = True
496.2195 	DATA 	Mouse:  Left button up, pos=(1013,232)
497.0171 	EXP 	polygon: autoDraw = False
497.0171 	EXP 	polygon_2: autoDraw = True
498.6707 	DATA 	Keypress: space
498.6837 	EXP 	polygon: autoDraw = False
498.6837 	EXP 	polygon_2: autoDraw = False
499.6838 	EXP 	text: autoDraw = True
499.6838 	EXP 	textbox: autoDraw = True
500.6346 	DATA 	Keypress: 1
502.1179 	DATA 	Mouse: Left button down, pos=(1013,232)
502.1192 	EXP 	New trial (rep=4, index=5): {'delay': 0.1, 'freq': 1000, 'condition': 'exp'}
502.1338 	EXP 	text: autoDraw = False
502.1338 	EXP 	textbox: autoDraw = False
502.1338 	EXP 	polygon: autoDraw = True
502.3356 	DATA 	Mouse:  Left button up, pos=(1013,232)
503.1337 	EXP 	polygon: autoDraw = False
503.1337 	EXP 	polygon_2: autoDraw = True
505.8206 	DATA 	Keypress: space
505.8338 	EXP 	polygon: autoDraw = False
505.8338 	EXP 	polygon_2: autoDraw = False
506.2340 	EXP 	text: autoDraw = True
506.2340 	EXP 	textbox: autoDraw = True
507.4175 	DATA 	Keypress: 1
508.6712 	DATA 	Mouse: Left button down, pos=(1013,232)
508.6725 	EXP 	New trial (rep=4, index=6): {'delay': 0.1, 'freq': 1000, 'condition': 'exp'}
508.6843 	EXP 	text: autoDraw = False
508.6843 	EXP 	textbox: autoDraw = False
508.6843 	EXP 	polygon: autoDraw = True
508.9023 	DATA 	Mouse:  Left button up, pos=(1013,232)
509.6841 	EXP 	polygon: autoDraw = False
509.6841 	EXP 	polygon_2: autoDraw = True
511.4537 	DATA 	Keypress: space
511.4670 	EXP 	polygon: autoDraw = False
511.4670 	EXP 	polygon_2: autoDraw = False
511.8677 	EXP 	text: autoDraw = True
511.8677 	EXP 	textbox: autoDraw = True
512.6878 	DATA 	Keypress: 1
513.6677 	DATA 	Mouse: Left button down, pos=(1013,232)
513.6693 	EXP 	New trial (rep=4, index=7): {'delay': 0.4, 'freq': 1000, 'condition': 'exp'}
513.6837 	EXP 	text: autoDraw = False
513.6837 	EXP 	textbox: autoDraw = False
513.6837 	EXP 	polygon: autoDraw = True
513.8858 	DATA 	Mouse:  Left button up, pos=(1013,232)
514.6839 	EXP 	polygon: autoDraw = False
514.6839 	EXP 	polygon_2: autoDraw = True
515.8037 	DATA 	Keypress: space
515.8172 	EXP 	polygon: autoDraw = False
515.8172 	EXP 	polygon_2: autoDraw = False
516.5175 	EXP 	text: autoDraw = True
516.5175 	EXP 	textbox: autoDraw = True
517.0843 	DATA 	Keypress: 1
518.1174 	DATA 	Mouse: Left button down, pos=(1013,232)
518.1191 	EXP 	New trial (rep=4, index=8): {'delay': 0.1, 'freq': 1000, 'condition': 'exp'}
518.1337 	EXP 	text: autoDraw = False
518.1337 	EXP 	textbox: autoDraw = False
518.1337 	EXP 	polygon: autoDraw = True
518.3355 	DATA 	Mouse:  Left button up, pos=(1013,232)
519.1339 	EXP 	polygon: autoDraw = False
519.1339 	EXP 	polygon_2: autoDraw = True
520.3539 	DATA 	Keypress: space
520.3673 	EXP 	polygon: autoDraw = False
520.3673 	EXP 	polygon_2: autoDraw = False
520.7679 	EXP 	text: autoDraw = True
520.7679 	EXP 	textbox: autoDraw = True
521.5901 	DATA 	Keypress: 1
522.6682 	DATA 	Mouse: Left button down, pos=(1013,232)
522.6695 	EXP 	New trial (rep=4, index=9): {'delay': 0.7, 'freq': 1000, 'condition': 'exp'}
522.6838 	EXP 	text: autoDraw = False
522.6838 	EXP 	textbox: autoDraw = False
522.6838 	EXP 	polygon: autoDraw = True
522.9025 	DATA 	Mouse:  Left button up, pos=(1013,232)
523.6841 	EXP 	polygon: autoDraw = False
523.6841 	EXP 	polygon_2: autoDraw = True
528.2036 	DATA 	Keypress: space
528.2175 	EXP 	polygon: autoDraw = False
528.2175 	EXP 	polygon_2: autoDraw = False
529.2179 	EXP 	text: autoDraw = True
529.2179 	EXP 	textbox: autoDraw = True
532.0552 	DATA 	Keypress: 1
533.2177 	DATA 	Keypress: 0
534.4348 	DATA 	Mouse: Left button down, pos=(1013,232)
534.4369 	EXP 	New trial (rep=4, index=10): {'delay': 0.1, 'freq': 400, 'condition': 'unexp'}
534.4507 	EXP 	text: autoDraw = False
534.4507 	EXP 	textbox: autoDraw = False
534.4507 	EXP 	polygon: autoDraw = True
534.6696 	DATA 	Mouse:  Left button up, pos=(1013,232)
535.4509 	EXP 	polygon: autoDraw = False
535.4509 	EXP 	polygon_2: autoDraw = True
536.5873 	DATA 	Keypress: space
536.6009 	EXP 	polygon: autoDraw = False
536.6009 	EXP 	polygon_2: autoDraw = False
537.0014 	EXP 	text: autoDraw = True
537.0014 	EXP 	textbox: autoDraw = True
538.0186 	DATA 	Keypress: 1
539.1400 	DATA 	Mouse: Left button down, pos=(1013,232)
539.1529 	EXP 	New trial (rep=4, index=11): {'delay': 0.7, 'freq': 1000, 'condition': 'exp'}
539.1678 	EXP 	text: autoDraw = False
539.1678 	EXP 	textbox: autoDraw = False
539.1678 	EXP 	polygon: autoDraw = True
539.3702 	DATA 	Mouse:  Left button up, pos=(1013,232)
540.1677 	EXP 	polygon: autoDraw = False
540.1677 	EXP 	polygon_2: autoDraw = True
541.2046 	DATA 	Keypress: space
541.2175 	EXP 	polygon: autoDraw = False
541.2175 	EXP 	polygon_2: autoDraw = False
542.2180 	EXP 	text: autoDraw = True
542.2180 	EXP 	textbox: autoDraw = True
542.8383 	DATA 	Keypress: 1
543.2849 	DATA 	Keypress: 0
544.5018 	DATA 	Mouse: Left button down, pos=(1013,232)
544.5176 	EXP 	text: autoDraw = False
544.5176 	EXP 	textbox: autoDraw = False
544.7670 	EXP 	window1: mouseVisible = True
